<?xml version="1.0" encoding="UTF-8"?>
<!-- Generated by org.testng.reporters.JUnitReportReporter -->
<testsuite hostname="Air-di-Omar" failures="0" tests="12" name="coursework3_omar.PersonTest" time="0.909" errors="0" timestamp="19 Jan 2021 19:14:24 GMT" skipped="0">
  <testcase classname="coursework3_omar.PersonTest" name="testGetUserInfo" time="0.158"/>
  <testcase classname="coursework3_omar.PersonTest" name="testGetId" time="0.029"/>
  <testcase classname="coursework3_omar.PersonTest" name="testGetUser" time="0.085"/>
  <testcase classname="coursework3_omar.PersonTest" name="testGetInfo" time="0.085"/>
  <testcase classname="coursework3_omar.PersonTest" name="testCheckId" time="0.085"/>
  <testcase classname="coursework3_omar.PersonTest" name="testPrintUsers" time="0.026"/>
  <testcase classname="coursework3_omar.PersonTest" name="testGetArrayUsers" time="0.085"/>
  <testcase classname="coursework3_omar.PersonTest" name="testActionPermission" time="0.027"/>
  <testcase classname="coursework3_omar.PersonTest" name="testGetAccessibilities" time="0.028"/>
  <testcase classname="coursework3_omar.PersonTest" name="testAddUser" time="0.057"/>
  <testcase classname="coursework3_omar.PersonTest" name="testGetRole" time="0.085"/>
  <testcase classname="coursework3_omar.PersonTest" name="testGetInfoUser" time="0.159"/>
</testsuite> <!-- coursework3_omar.PersonTest -->
